# JRE version: OpenJDK Runtime Environment Temurin-21.0.7+6 (21.0.7+6) (build 21.0.7+6-LTS)
# Java VM: OpenJDK 64-Bit Server VM Temurin-21.0.7+6 (21.0.7+6-LTS, mixed mode, sharing, tiered, compressed oops, compressed class ptrs, parallel gc, windows-amd64)
GC Precious Log:
 CardTable entry size: 512
 CPUs: 12 total, 12 available
 Memory: 7860M
 Large Page Support: Disabled
 NUMA Support: Disabled
 Compressed Oops: Enabled (32-bit)
 Alignments: Space 512K, Generation 512K, Heap 2M
 Heap Min Capacity: 100M
 Heap Initial Capacity: 100M
 Heap Max Capacity: 2G
 Pre-touch: Disabled
 Parallel Workers: 10
Heap:
 PSYoungGen      total 6656K, used 2861K [0x00000000d5580000, 0x00000000d5e00000, 0x0000000100000000)
  eden space 5632K, 41% used [0x00000000d5580000,0x00000000d57c3510,0x00000000d5b00000)
  from space 1024K, 53% used [0x00000000d5d00000,0x00000000d5d88000,0x00000000d5e00000)
  to   space 1024K, 0% used [0x00000000d5c00000,0x00000000d5c00000,0x00000000d5d00000)
 ParOldGen       total 1173504K, used 1173230K [0x0000000080000000, 0x00000000c7a00000, 0x00000000d5580000)
  object space 1173504K, 99% used [0x0000000080000000,0x00000000c79bb920,0x00000000c7a00000)
 Metaspace       used 85251K, committed 87168K, reserved 1179648K
  class space    used 8495K, committed 9408K, reserved 1048576K
GC Heap History (20 events):
Event: 34274.309 GC heap after
{Heap after GC invocations=2932 (full 5):
 PSYoungGen      total 5632K, used 820K [0x00000000d5580000, 0x00000000d5d00000, 0x0000000100000000)
  eden space 4096K, 0% used [0x00000000d5580000,0x00000000d5580000,0x00000000d5980000)
  from space 1536K, 53% used [0x00000000d5a00000,0x00000000d5acd200,0x00000000d5b80000)
  to   space 1024K, 0% used [0x00000000d5c00000,0x00000000d5c00000,0x00000000d5d00000)
 ParOldGen       total 1165312K, used 1164974K [0x0000000080000000, 0x00000000c7200000, 0x00000000d5580000)
  object space 1165312K, 99% used [0x0000000080000000,0x00000000c71abba0,0x00000000c7200000)
 Metaspace       used 85231K, committed 87168K, reserved 1179648K
  class space    used 8495K, committed 9408K, reserved 1048576K
}
Event: 34275.952 GC heap before
{Heap before GC invocations=2933 (full 5):
 PSYoungGen      total 5632K, used 4916K [0x00000000d5580000, 0x00000000d5d00000, 0x0000000100000000)
  eden space 4096K, 100% used [0x00000000d5580000,0x00000000d5980000,0x00000000d5980000)
  from space 1536K, 53% used [0x00000000d5a00000,0x00000000d5acd200,0x00000000d5b80000)
  to   space 1024K, 0% used [0x00000000d5c00000,0x00000000d5c00000,0x00000000d5d00000)
 ParOldGen       total 1165312K, used 1164974K [0x0000000080000000, 0x00000000c7200000, 0x00000000d5580000)
  object space 1165312K, 99% used [0x0000000080000000,0x00000000c71abba0,0x00000000c7200000)
 Metaspace       used 85234K, committed 87168K, reserved 1179648K
  class space    used 8495K, committed 9408K, reserved 1048576K
}
Event: 34275.958 GC heap after
{Heap after GC invocations=2933 (full 5):
 PSYoungGen      total 4608K, used 224K [0x00000000d5580000, 0x00000000d5c80000, 0x0000000100000000)
  eden space 4096K, 0% used [0x00000000d5580000,0x00000000d5580000,0x00000000d5980000)
  from space 512K, 43% used [0x00000000d5c00000,0x00000000d5c38000,0x00000000d5c80000)
  to   space 512K, 0% used [0x00000000d5b80000,0x00000000d5b80000,0x00000000d5c00000)
 ParOldGen       total 1165312K, used 1165155K [0x0000000080000000, 0x00000000c7200000, 0x00000000d5580000)
  object space 1165312K, 99% used [0x0000000080000000,0x00000000c71d8e20,0x00000000c7200000)
 Metaspace       used 85234K, committed 87168K, reserved 1179648K
  class space    used 8495K, committed 9408K, reserved 1048576K
}
Event: 34275.963 GC heap before
{Heap before GC invocations=2934 (full 5):
 PSYoungGen      total 4608K, used 4320K [0x00000000d5580000, 0x00000000d5c80000, 0x0000000100000000)
  eden space 4096K, 100% used [0x00000000d5580000,0x00000000d5980000,0x00000000d5980000)
  from space 512K, 43% used [0x00000000d5c00000,0x00000000d5c38000,0x00000000d5c80000)
  to   space 512K, 0% used [0x00000000d5b80000,0x00000000d5b80000,0x00000000d5c00000)
 ParOldGen       total 1165312K, used 1165155K [0x0000000080000000, 0x00000000c7200000, 0x00000000d5580000)
  object space 1165312K, 99% used [0x0000000080000000,0x00000000c71d8e20,0x00000000c7200000)
 Metaspace       used 85234K, committed 87168K, reserved 1179648K
  class space    used 8495K, committed 9408K, reserved 1048576K
}
Event: 34275.967 GC heap after
{Heap after GC invocations=2934 (full 5):
 PSYoungGen      total 5632K, used 496K [0x00000000d5580000, 0x00000000d5c80000, 0x0000000100000000)
  eden space 5120K, 0% used [0x00000000d5580000,0x00000000d5580000,0x00000000d5a80000)
  from space 512K, 96% used [0x00000000d5b80000,0x00000000d5bfc010,0x00000000d5c00000)
  to   space 512K, 0% used [0x00000000d5c00000,0x00000000d5c00000,0x00000000d5c80000)
 ParOldGen       total 1165312K, used 1165301K [0x0000000080000000, 0x00000000c7200000, 0x00000000d5580000)
  object space 1165312K, 99% used [0x0000000080000000,0x00000000c71fd478,0x00000000c7200000)
 Metaspace       used 85234K, committed 87168K, reserved 1179648K
  class space    used 8495K, committed 9408K, reserved 1048576K
}
Event: 34275.986 GC heap before
{Heap before GC invocations=2935 (full 5):
 PSYoungGen      total 5632K, used 5616K [0x00000000d5580000, 0x00000000d5c80000, 0x0000000100000000)
  eden space 5120K, 100% used [0x00000000d5580000,0x00000000d5a80000,0x00000000d5a80000)
  from space 512K, 96% used [0x00000000d5b80000,0x00000000d5bfc010,0x00000000d5c00000)
  to   space 512K, 0% used [0x00000000d5c00000,0x00000000d5c00000,0x00000000d5c80000)
 ParOldGen       total 1165312K, used 1165301K [0x0000000080000000, 0x00000000c7200000, 0x00000000d5580000)
  object space 1165312K, 99% used [0x0000000080000000,0x00000000c71fd478,0x00000000c7200000)
 Metaspace       used 85235K, committed 87168K, reserved 1179648K
  class space    used 8495K, committed 9408K, reserved 1048576K
}
Event: 34275.990 GC heap after
{Heap after GC invocations=2935 (full 5):
 PSYoungGen      total 5632K, used 512K [0x00000000d5580000, 0x00000000d5e80000, 0x0000000100000000)
  eden space 5120K, 0% used [0x00000000d5580000,0x00000000d5580000,0x00000000d5a80000)
  from space 512K, 100% used [0x00000000d5c00000,0x00000000d5c80000,0x00000000d5c80000)
  to   space 1536K, 0% used [0x00000000d5a80000,0x00000000d5a80000,0x00000000d5c00000)
 ParOldGen       total 1166336K, used 1166069K [0x0000000080000000, 0x00000000c7300000, 0x00000000d5580000)
  object space 1166336K, 99% used [0x0000000080000000,0x00000000c72bd4a8,0x00000000c7300000)
 Metaspace       used 85235K, committed 87168K, reserved 1179648K
  class space    used 8495K, committed 9408K, reserved 1048576K
}
Event: 34276.014 GC heap before
{Heap before GC invocations=2936 (full 5):
 PSYoungGen      total 5632K, used 5632K [0x00000000d5580000, 0x00000000d5e80000, 0x0000000100000000)
  eden space 5120K, 100% used [0x00000000d5580000,0x00000000d5a80000,0x00000000d5a80000)
  from space 512K, 100% used [0x00000000d5c00000,0x00000000d5c80000,0x00000000d5c80000)
  to   space 1536K, 0% used [0x00000000d5a80000,0x00000000d5a80000,0x00000000d5c00000)
 ParOldGen       total 1166336K, used 1166069K [0x0000000080000000, 0x00000000c7300000, 0x00000000d5580000)
  object space 1166336K, 99% used [0x0000000080000000,0x00000000c72bd4a8,0x00000000c7300000)
 Metaspace       used 85237K, committed 87168K, reserved 1179648K
  class space    used 8495K, committed 9408K, reserved 1048576K
}
Event: 34276.018 GC heap after
{Heap after GC invocations=2936 (full 5):
 PSYoungGen      total 6144K, used 756K [0x00000000d5580000, 0x00000000d5c80000, 0x0000000100000000)
  eden space 5120K, 0% used [0x00000000d5580000,0x00000000d5580000,0x00000000d5a80000)
  from space 1024K, 73% used [0x00000000d5a80000,0x00000000d5b3d200,0x00000000d5b80000)
  to   space 1024K, 0% used [0x00000000d5b80000,0x00000000d5b80000,0x00000000d5c80000)
 ParOldGen       total 1166848K, used 1166575K [0x0000000080000000, 0x00000000c7380000, 0x00000000d5580000)
  object space 1166848K, 99% used [0x0000000080000000,0x00000000c733bc38,0x00000000c7380000)
 Metaspace       used 85237K, committed 87168K, reserved 1179648K
  class space    used 8495K, committed 9408K, reserved 1048576K
}
Event: 34276.490 GC heap before
{Heap before GC invocations=2937 (full 5):
 PSYoungGen      total 6144K, used 5876K [0x00000000d5580000, 0x00000000d5c80000, 0x0000000100000000)
  eden space 5120K, 100% used [0x00000000d5580000,0x00000000d5a80000,0x00000000d5a80000)
  from space 1024K, 73% used [0x00000000d5a80000,0x00000000d5b3d200,0x00000000d5b80000)
  to   space 1024K, 0% used [0x00000000d5b80000,0x00000000d5b80000,0x00000000d5c80000)
 ParOldGen       total 1166848K, used 1166575K [0x0000000080000000, 0x00000000c7380000, 0x00000000d5580000)
  object space 1166848K, 99% used [0x0000000080000000,0x00000000c733bc38,0x00000000c7380000)
 Metaspace       used 85239K, committed 87168K, reserved 1179648K
  class space    used 8495K, committed 9408K, reserved 1048576K
}
Event: 34276.492 GC heap after
{Heap after GC invocations=2937 (full 5):
 PSYoungGen      total 6144K, used 586K [0x00000000d5580000, 0x00000000d5c80000, 0x0000000100000000)
  eden space 5120K, 0% used [0x00000000d5580000,0x00000000d5580000,0x00000000d5a80000)
  from space 1024K, 57% used [0x00000000d5b80000,0x00000000d5c12910,0x00000000d5c80000)
  to   space 1024K, 0% used [0x00000000d5a80000,0x00000000d5a80000,0x00000000d5b80000)
 ParOldGen       total 1166848K, used 1166703K [0x0000000080000000, 0x00000000c7380000, 0x00000000d5580000)
  object space 1166848K, 99% used [0x0000000080000000,0x00000000c735bc38,0x00000000c7380000)
 Metaspace       used 85239K, committed 87168K, reserved 1179648K
  class space    used 8495K, committed 9408K, reserved 1048576K
}
Event: 34276.504 GC heap before
{Heap before GC invocations=2938 (full 5):
 PSYoungGen      total 6144K, used 5706K [0x00000000d5580000, 0x00000000d5c80000, 0x0000000100000000)
  eden space 5120K, 100% used [0x00000000d5580000,0x00000000d5a80000,0x00000000d5a80000)
  from space 1024K, 57% used [0x00000000d5b80000,0x00000000d5c12910,0x00000000d5c80000)
  to   space 1024K, 0% used [0x00000000d5a80000,0x00000000d5a80000,0x00000000d5b80000)
 ParOldGen       total 1166848K, used 1166703K [0x0000000080000000, 0x00000000c7380000, 0x00000000d5580000)
  object space 1166848K, 99% used [0x0000000080000000,0x00000000c735bc38,0x00000000c7380000)
 Metaspace       used 85240K, committed 87168K, reserved 1179648K
  class space    used 8495K, committed 9408K, reserved 1048576K
}
Event: 34276.508 GC heap after
{Heap after GC invocations=2938 (full 5):
 PSYoungGen      total 6144K, used 672K [0x00000000d5580000, 0x00000000d5c80000, 0x0000000100000000)
  eden space 5120K, 0% used [0x00000000d5580000,0x00000000d5580000,0x00000000d5a80000)
  from space 1024K, 65% used [0x00000000d5a80000,0x00000000d5b28000,0x00000000d5b80000)
  to   space 1024K, 0% used [0x00000000d5b80000,0x00000000d5b80000,0x00000000d5c80000)
 ParOldGen       total 1167360K, used 1167192K [0x0000000080000000, 0x00000000c7400000, 0x00000000d5580000)
  object space 1167360K, 99% used [0x0000000080000000,0x00000000c73d62a0,0x00000000c7400000)
 Metaspace       used 85240K, committed 87168K, reserved 1179648K
  class space    used 8495K, committed 9408K, reserved 1048576K
}
Event: 34276.538 GC heap before
{Heap before GC invocations=2939 (full 5):
 PSYoungGen      total 6144K, used 5792K [0x00000000d5580000, 0x00000000d5c80000, 0x0000000100000000)
  eden space 5120K, 100% used [0x00000000d5580000,0x00000000d5a80000,0x00000000d5a80000)
  from space 1024K, 65% used [0x00000000d5a80000,0x00000000d5b28000,0x00000000d5b80000)
  to   space 1024K, 0% used [0x00000000d5b80000,0x00000000d5b80000,0x00000000d5c80000)
 ParOldGen       total 1167360K, used 1167192K [0x0000000080000000, 0x00000000c7400000, 0x00000000d5580000)
  object space 1167360K, 99% used [0x0000000080000000,0x00000000c73d62a0,0x00000000c7400000)
 Metaspace       used 85243K, committed 87168K, reserved 1179648K
  class space    used 8495K, committed 9408K, reserved 1048576K
}
Event: 34276.542 GC heap after
{Heap after GC invocations=2939 (full 5):
 PSYoungGen      total 4608K, used 1021K [0x00000000d5580000, 0x00000000d5f80000, 0x0000000100000000)
  eden space 3584K, 0% used [0x00000000d5580000,0x00000000d5580000,0x00000000d5900000)
  from space 1024K, 99% used [0x00000000d5b80000,0x00000000d5c7f620,0x00000000d5c80000)
  to   space 2560K, 0% used [0x00000000d5900000,0x00000000d5900000,0x00000000d5b80000)
 ParOldGen       total 1168384K, used 1168205K [0x0000000080000000, 0x00000000c7500000, 0x00000000d5580000)
  object space 1168384K, 99% used [0x0000000080000000,0x00000000c74d36f0,0x00000000c7500000)
 Metaspace       used 85243K, committed 87168K, reserved 1179648K
  class space    used 8495K, committed 9408K, reserved 1048576K
}
Event: 34276.562 GC heap before
{Heap before GC invocations=2940 (full 5):
 PSYoungGen      total 4608K, used 4605K [0x00000000d5580000, 0x00000000d5f80000, 0x0000000100000000)
  eden space 3584K, 100% used [0x00000000d5580000,0x00000000d5900000,0x00000000d5900000)
  from space 1024K, 99% used [0x00000000d5b80000,0x00000000d5c7f620,0x00000000d5c80000)
  to   space 2560K, 0% used [0x00000000d5900000,0x00000000d5900000,0x00000000d5b80000)
 ParOldGen       total 1168384K, used 1168205K [0x0000000080000000, 0x00000000c7500000, 0x00000000d5580000)
  object space 1168384K, 99% used [0x0000000080000000,0x00000000c74d36f0,0x00000000c7500000)
 Metaspace       used 85244K, committed 87168K, reserved 1179648K
  class space    used 8495K, committed 9408K, reserved 1048576K
}
Event: 34276.569 GC heap after
{Heap after GC invocations=2940 (full 5):
 PSYoungGen      total 6144K, used 2560K [0x00000000d5580000, 0x00000000d6200000, 0x0000000100000000)
  eden space 3584K, 0% used [0x00000000d5580000,0x00000000d5580000,0x00000000d5900000)
  from space 2560K, 100% used [0x00000000d5900000,0x00000000d5b80000,0x00000000d5b80000)
  to   space 4608K, 0% used [0x00000000d5d80000,0x00000000d5d80000,0x00000000d6200000)
 ParOldGen       total 1169920K, used 1169804K [0x0000000080000000, 0x00000000c7680000, 0x00000000d5580000)
  object space 1169920K, 99% used [0x0000000080000000,0x00000000c76632b8,0x00000000c7680000)
 Metaspace       used 85244K, committed 87168K, reserved 1179648K
  class space    used 8495K, committed 9408K, reserved 1048576K
}
Event: 34276.577 GC heap before
{Heap before GC invocations=2941 (full 5):
 PSYoungGen      total 6144K, used 6144K [0x00000000d5580000, 0x00000000d6200000, 0x0000000100000000)
  eden space 3584K, 100% used [0x00000000d5580000,0x00000000d5900000,0x00000000d5900000)
  from space 2560K, 100% used [0x00000000d5900000,0x00000000d5b80000,0x00000000d5b80000)
  to   space 4608K, 0% used [0x00000000d5d80000,0x00000000d5d80000,0x00000000d6200000)
 ParOldGen       total 1169920K, used 1169804K [0x0000000080000000, 0x00000000c7680000, 0x00000000d5580000)
  object space 1169920K, 99% used [0x0000000080000000,0x00000000c76632b8,0x00000000c7680000)
 Metaspace       used 85244K, committed 87168K, reserved 1179648K
  class space    used 8495K, committed 9408K, reserved 1048576K
}
Event: 34276.582 GC heap after
{Heap after GC invocations=2941 (full 5):
 PSYoungGen      total 5120K, used 352K [0x00000000d5580000, 0x00000000d5e00000, 0x0000000100000000)
  eden space 4608K, 0% used [0x00000000d5580000,0x00000000d5580000,0x00000000d5a00000)
  from space 512K, 68% used [0x00000000d5d80000,0x00000000d5dd8000,0x00000000d5e00000)
  to   space 2048K, 0% used [0x00000000d5a00000,0x00000000d5a00000,0x00000000d5c00000)
 ParOldGen       total 1172480K, used 1172340K [0x0000000080000000, 0x00000000c7900000, 0x00000000d5580000)
  object space 1172480K, 99% used [0x0000000080000000,0x00000000c78dd2b8,0x00000000c7900000)
 Metaspace       used 85244K, committed 87168K, reserved 1179648K
  class space    used 8495K, committed 9408K, reserved 1048576K
}
Event: 34277.148 GC heap before
{Heap before GC invocations=2942 (full 5):
 PSYoungGen      total 5120K, used 4960K [0x00000000d5580000, 0x00000000d5e00000, 0x0000000100000000)
  eden space 4608K, 100% used [0x00000000d5580000,0x00000000d5a00000,0x00000000d5a00000)
  from space 512K, 68% used [0x00000000d5d80000,0x00000000d5dd8000,0x00000000d5e00000)
  to   space 2048K, 0% used [0x00000000d5a00000,0x00000000d5a00000,0x00000000d5c00000)
 ParOldGen       total 1172480K, used 1172340K [0x0000000080000000, 0x00000000c7900000, 0x00000000d5580000)
  object space 1172480K, 99% used [0x0000000080000000,0x00000000c78dd2b8,0x00000000c7900000)
 Metaspace       used 85244K, committed 87168K, reserved 1179648K
  class space    used 8495K, committed 9408K, reserved 1048576K
}

